{
  "stats": {
    "suites": 3,
    "tests": 6,
    "passes": 4,
    "pending": 0,
    "failures": 2,
    "start": "2023-11-27T00:04:07.333Z",
    "end": "2023-11-27T00:05:39.338Z",
    "duration": 92005,
    "testsRegistered": 6,
    "passPercent": 66.66666666666666,
    "pendingPercent": 0,
    "other": 0,
    "hasOther": false,
    "skipped": 0,
    "hasSkipped": false
  },
  "results": [
    {
      "uuid": "420519be-23eb-4e70-bffc-f430ac8de614",
      "title": "",
      "fullFile": "cypress/e2e/helloCypress/test/mybioTest.cy.js",
      "file": "cypress/e2e/helloCypress/test/mybioTest.cy.js",
      "beforeHooks": [],
      "afterHooks": [],
      "tests": [],
      "suites": [
        {
          "uuid": "1b9d4a19-d893-4c69-8748-7204429ee974",
          "title": "TC001_Testing my bio site up and running",
          "fullFile": "",
          "file": "",
          "beforeHooks": [],
          "afterHooks": [],
          "tests": [
            {
              "title": "TC001a_Check the Header and header links",
              "fullTitle": "TC001_Testing my bio site up and running TC001a_Check the Header and header links",
              "timedOut": null,
              "duration": 5842,
              "state": "passed",
              "speed": "medium",
              "pass": true,
              "fail": false,
              "pending": false,
              "context": null,
              "code": "Browser.navigateTo(url);\nmy.checkTheHeader(\"Manikandan Ravi\", \"Projects\", \"Technology\", \"Timelines\");\n//Check the naivgation of the page with URL\nmy.checkTheHeaderNavigation(\"#projects\", \"#tech\", \"#about\");",
              "err": {},
              "uuid": "379f96e1-bcf3-4c34-a2f6-d6a19630a99c",
              "parentUUID": "1b9d4a19-d893-4c69-8748-7204429ee974",
              "isHook": false,
              "skipped": false
            },
            {
              "title": "TC001b_Check the Header and header links with invalid values",
              "fullTitle": "TC001_Testing my bio site up and running TC001b_Check the Header and header links with invalid values",
              "timedOut": null,
              "duration": 13330,
              "state": "failed",
              "speed": null,
              "pass": false,
              "fail": true,
              "pending": false,
              "context": "{\n  \"title\": \"cypress-mochawesome-reporter-screenshots\",\n  \"value\": [\n    [\n      \"/mybioTest.cy.js/TC001_Testing my bio site up and running -- TC001b_Check the Header and header links with invalid values (failed).png\"\n    ],\n    [\n      \"/mybioTest.cy.js/TC001_Testing my bio site up and running -- TC001b_Check the Header and header links with invalid values (failed) (attempt 2).png\"\n    ],\n    [\n      \"/mybioTest.cy.js/TC001_Testing my bio site up and running -- TC001b_Check the Header and header links with invalid values (failed) (attempt 3).png\"\n    ]\n  ]\n}",
              "code": "Browser.navigateTo(url);\nmy.checkTheHeader(\"Manikandan\", \"Projects123\", \"Technology444\", \"Timeline\");\n//Check the naivgation of the page with URL\nmy.checkTheHeaderNavigation(\"#projectsss\", \"#technologies\", \"#aboutMe\");",
              "err": {
                "message": "AssertionError: Timed out retrying after 10000ms: expected '<span.HeaderStyles__Span-sc-9w0vkp-1.jemdqj>' to have text 'Manikandan', but the text was 'Manikandan Ravi'",
                "estack": "AssertionError: Timed out retrying after 10000ms: expected '<span.HeaderStyles__Span-sc-9w0vkp-1.jemdqj>' to have text 'Manikandan', but the text was 'Manikandan Ravi'\n    at AssertionLibrary.AssertValueEqual (webpack:///./cypress/e2e/helloCypress/AssertionLibrary/AssertionLibrary.js:114:25)\n    at mybioPage.checkTheHeader (webpack:///./cypress/e2e/helloCypress/Page/mybioPage.js:50:11)\n    at Context.eval (webpack:///./cypress/e2e/helloCypress/test/mybioTest.cy.js:50:13)",
                "diff": "- 'Manikandan Ravi'\n+ 'Manikandan'\n"
              },
              "uuid": "d67356d2-882b-4f0d-bd43-36bcfba8963b",
              "parentUUID": "1b9d4a19-d893-4c69-8748-7204429ee974",
              "isHook": false,
              "skipped": false
            },
            {
              "title": "TC001c_Check the Header and header links with invalid values",
              "fullTitle": "TC001_Testing my bio site up and running TC001c_Check the Header and header links with invalid values",
              "timedOut": null,
              "duration": 14161,
              "state": "failed",
              "speed": null,
              "pass": false,
              "fail": true,
              "pending": false,
              "context": "{\n  \"title\": \"cypress-mochawesome-reporter-screenshots\",\n  \"value\": [\n    [\n      \"/mybioTest.cy.js/TC001_Testing my bio site up and running -- TC001c_Check the Header and header links with invalid values (failed).png\"\n    ],\n    [\n      \"/mybioTest.cy.js/TC001_Testing my bio site up and running -- TC001c_Check the Header and header links with invalid values (failed) (attempt 2).png\"\n    ],\n    [\n      \"/mybioTest.cy.js/TC001_Testing my bio site up and running -- TC001c_Check the Header and header links with invalid values (failed) (attempt 3).png\"\n    ]\n  ]\n}",
              "code": "Browser.navigateTo(url);\nmy.checkTheHeader(\"Manikandan\", \"Projects#%#%\", \"Tech\", \"Time line\");\n//Check the naivgation of the page with URL\nmy.checkTheHeaderNavigation(\"#proj\", \"#tech@$@\", \"#ABOUTUS\");",
              "err": {
                "message": "AssertionError: Timed out retrying after 10000ms: expected '<span.HeaderStyles__Span-sc-9w0vkp-1.jemdqj>' to have text 'Manikandan', but the text was 'Manikandan Ravi'",
                "estack": "AssertionError: Timed out retrying after 10000ms: expected '<span.HeaderStyles__Span-sc-9w0vkp-1.jemdqj>' to have text 'Manikandan', but the text was 'Manikandan Ravi'\n    at AssertionLibrary.AssertValueEqual (webpack:///./cypress/e2e/helloCypress/AssertionLibrary/AssertionLibrary.js:114:25)\n    at mybioPage.checkTheHeader (webpack:///./cypress/e2e/helloCypress/Page/mybioPage.js:50:11)\n    at Context.eval (webpack:///./cypress/e2e/helloCypress/test/mybioTest.cy.js:59:13)",
                "diff": "- 'Manikandan Ravi'\n+ 'Manikandan'\n"
              },
              "uuid": "c6b19eb1-9b3c-4196-b278-86fd7f2277b1",
              "parentUUID": "1b9d4a19-d893-4c69-8748-7204429ee974",
              "isHook": false,
              "skipped": false
            },
            {
              "title": "TC004_API GET call",
              "fullTitle": "TC001_Testing my bio site up and running TC004_API GET call",
              "timedOut": null,
              "duration": 397,
              "state": "passed",
              "speed": "fast",
              "pass": true,
              "fail": false,
              "pending": false,
              "context": null,
              "code": "cy.request({\n  method: 'GET',\n  url: 'https://manikandanravi.in/api/hello',\n  qs: {\n    //starred: 'true'\n  },\n  headers: {\n    accept: 'application/json'\n  }\n});",
              "err": {},
              "uuid": "bd98566e-c014-4139-97a2-30f4ecd11a5c",
              "parentUUID": "1b9d4a19-d893-4c69-8748-7204429ee974",
              "isHook": false,
              "skipped": false
            }
          ],
          "suites": [],
          "passes": [
            "379f96e1-bcf3-4c34-a2f6-d6a19630a99c",
            "bd98566e-c014-4139-97a2-30f4ecd11a5c"
          ],
          "failures": [
            "d67356d2-882b-4f0d-bd43-36bcfba8963b",
            "c6b19eb1-9b3c-4196-b278-86fd7f2277b1"
          ],
          "pending": [],
          "skipped": [],
          "duration": 33730,
          "root": false,
          "rootEmpty": false,
          "_timeout": 2000
        },
        {
          "uuid": "6dbc862f-34bd-40b0-b574-3e881141c395",
          "title": "TC002_Test to check Cypress built it API to get the title",
          "fullFile": "",
          "file": "",
          "beforeHooks": [],
          "afterHooks": [],
          "tests": [
            {
              "title": "The Cypress built it API to get the title",
              "fullTitle": "TC002_Test to check Cypress built it API to get the title The Cypress built it API to get the title",
              "timedOut": null,
              "duration": 52,
              "state": "passed",
              "speed": "fast",
              "pass": true,
              "fail": false,
              "pending": false,
              "context": null,
              "code": "expect(Cypress.currentTest.title).to.eq('The Cypress built it API to get the title');",
              "err": {},
              "uuid": "e3f6f609-e5b8-4a5e-b0c9-9a5735abcbfc",
              "parentUUID": "6dbc862f-34bd-40b0-b574-3e881141c395",
              "isHook": false,
              "skipped": false
            }
          ],
          "suites": [],
          "passes": [
            "e3f6f609-e5b8-4a5e-b0c9-9a5735abcbfc"
          ],
          "failures": [],
          "pending": [],
          "skipped": [],
          "duration": 52,
          "root": false,
          "rootEmpty": false,
          "_timeout": 2000
        },
        {
          "uuid": "c9705cc8-1e9d-4e77-90ae-df889d8ae631",
          "title": "TC003_Test to check Cypress built it API to get the title & its path",
          "fullFile": "",
          "file": "",
          "beforeHooks": [],
          "afterHooks": [],
          "tests": [
            {
              "title": "The Cypress built it API to get the title & its path",
              "fullTitle": "TC003_Test to check Cypress built it API to get the title & its path The Cypress built it API to get the title & its path",
              "timedOut": null,
              "duration": 45,
              "state": "passed",
              "speed": "fast",
              "pass": true,
              "fail": false,
              "pending": false,
              "context": null,
              "code": "//Chai - expect keyword from chai\nexpect(Cypress.currentTest.titlePath).to.deep.eq(['TC003_Test to check Cypress built it API to get the title & its path', 'The Cypress built it API to get the title & its path']);",
              "err": {},
              "uuid": "77704995-bfdf-4481-bfac-e2842763e588",
              "parentUUID": "c9705cc8-1e9d-4e77-90ae-df889d8ae631",
              "isHook": false,
              "skipped": false
            }
          ],
          "suites": [],
          "passes": [
            "77704995-bfdf-4481-bfac-e2842763e588"
          ],
          "failures": [],
          "pending": [],
          "skipped": [],
          "duration": 45,
          "root": false,
          "rootEmpty": false,
          "_timeout": 2000
        }
      ],
      "passes": [],
      "failures": [],
      "pending": [],
      "skipped": [],
      "duration": 0,
      "root": true,
      "rootEmpty": true,
      "_timeout": 2000
    }
  ],
  "meta": {
    "mocha": {
      "version": "7.0.1"
    },
    "mochawesome": {
      "options": {
        "quiet": false,
        "reportFilename": "[status]_[datetime]-[name]-report",
        "saveHtml": true,
        "saveJson": true,
        "consoleReporter": "spec",
        "useInlineDiffs": false,
        "code": true
      },
      "version": "7.1.3"
    },
    "marge": {
      "options": {
        "reportTitle": "My Hello Cypress Test Report",
        "mochaFile": "cypress/results/cypress-output.[hash].xml",
        "reportFilename": "[status]_[datetime]-[name]-report",
        "timestamp": "longDate",
        "reportDir": "cypress/results",
        "overwrite": false,
        "html": true,
        "json": true,
        "charts": true,
        "code": true,
        "autoOpen": true,
        "showHooks": true,
        "reportPageTitle": "My Bio Site Test Suite",
        "embeddedScreenshots": true,
        "inlineAssets": true
      },
      "version": "6.2.0"
    }
  }
}