{
  "stats": {
    "suites": 3,
    "tests": 6,
    "passes": 3,
    "pending": 0,
    "failures": 3,
    "start": "2024-01-26T03:32:12.959Z",
    "end": "2024-01-26T03:33:24.611Z",
    "duration": 71652,
    "testsRegistered": 6,
    "passPercent": 50,
    "pendingPercent": 0,
    "other": 0,
    "hasOther": false,
    "skipped": 0,
    "hasSkipped": false
  },
  "results": [
    {
      "uuid": "3f69db23-64ca-4638-bafd-6401ba675a75",
      "title": "",
      "fullFile": "cypress/e2e/helloCypress/test/mybioTest.cy.js",
      "file": "cypress/e2e/helloCypress/test/mybioTest.cy.js",
      "beforeHooks": [],
      "afterHooks": [],
      "tests": [],
      "suites": [
        {
          "uuid": "e4094c36-3b26-4e2a-9bb7-2983f574dcbe",
          "title": "TC001_Testing my bio site up and running",
          "fullFile": "",
          "file": "",
          "beforeHooks": [],
          "afterHooks": [],
          "tests": [
            {
              "title": "TC001a_Check the Header and header links",
              "fullTitle": "TC001_Testing my bio site up and running TC001a_Check the Header and header links",
              "timedOut": null,
              "duration": 2179,
              "state": "passed",
              "speed": "fast",
              "pass": true,
              "fail": false,
              "pending": false,
              "context": null,
              "code": "Browser.navigateTo(url);\nmy.checkTheHeader(\"Manikandan Ravi\", \"Projects\", \"Technology\", \"Timelines\");\n//Check the naivgation of the page with URL\nmy.checkTheHeaderNavigation(\"#projects\", \"#tech\", \"#about\");",
              "err": {},
              "uuid": "57d03d61-f2dd-47ff-985c-bd7bae3b21da",
              "parentUUID": "e4094c36-3b26-4e2a-9bb7-2983f574dcbe",
              "isHook": false,
              "skipped": false
            },
            {
              "title": "TC001b_Check the Header and header links with invalid values",
              "fullTitle": "TC001_Testing my bio site up and running TC001b_Check the Header and header links with invalid values",
              "timedOut": null,
              "duration": 11355,
              "state": "failed",
              "speed": null,
              "pass": false,
              "fail": true,
              "pending": false,
              "context": "{\n  \"title\": \"cypress-mochawesome-reporter-screenshots\",\n  \"value\": [\n    [\n      \"/mybioTest.cy.js/TC001_Testing my bio site up and running -- TC001b_Check the Header and header links with invalid values (failed).png\"\n    ],\n    [\n      \"/mybioTest.cy.js/TC001_Testing my bio site up and running -- TC001b_Check the Header and header links with invalid values (failed) (attempt 2).png\"\n    ],\n    [\n      \"/mybioTest.cy.js/TC001_Testing my bio site up and running -- TC001b_Check the Header and header links with invalid values (failed) (attempt 3).png\"\n    ]\n  ]\n}",
              "code": "Browser.navigateTo(url);\nmy.checkTheHeader(\"Manikandan\", \"Projects123\", \"Technology444\", \"Timeline\");\n//Check the naivgation of the page with URL\nmy.checkTheHeaderNavigation(\"#projectsss\", \"#technologies\", \"#aboutMe\");",
              "err": {
                "message": "AssertionError: Timed out retrying after 10000ms: expected '<span.HeaderStyles__Span-sc-9w0vkp-1.eLNpfv>' to have text 'Manikandan', but the text was 'Manikandan Ravi'",
                "estack": "AssertionError: Timed out retrying after 10000ms: expected '<span.HeaderStyles__Span-sc-9w0vkp-1.eLNpfv>' to have text 'Manikandan', but the text was 'Manikandan Ravi'\n    at AssertionLibrary.AssertValueEqual (webpack:///./cypress/e2e/helloCypress/AssertionLibrary/AssertionLibrary.js:114:25)\n    at mybioPage.checkTheHeader (webpack:///./cypress/e2e/helloCypress/Page/mybioPage.js:50:11)\n    at Context.eval (webpack:///./cypress/e2e/helloCypress/test/mybioTest.cy.js:50:13)",
                "diff": "- 'Manikandan Ravi'\n+ 'Manikandan'\n"
              },
              "uuid": "6463a216-62ce-4422-8a5a-8100038dedcd",
              "parentUUID": "e4094c36-3b26-4e2a-9bb7-2983f574dcbe",
              "isHook": false,
              "skipped": false
            },
            {
              "title": "TC001c_Check the Header and header links with invalid values",
              "fullTitle": "TC001_Testing my bio site up and running TC001c_Check the Header and header links with invalid values",
              "timedOut": null,
              "duration": 11450,
              "state": "failed",
              "speed": null,
              "pass": false,
              "fail": true,
              "pending": false,
              "context": "{\n  \"title\": \"cypress-mochawesome-reporter-screenshots\",\n  \"value\": [\n    [\n      \"/mybioTest.cy.js/TC001_Testing my bio site up and running -- TC001c_Check the Header and header links with invalid values (failed).png\"\n    ],\n    [\n      \"/mybioTest.cy.js/TC001_Testing my bio site up and running -- TC001c_Check the Header and header links with invalid values (failed) (attempt 2).png\"\n    ],\n    [\n      \"/mybioTest.cy.js/TC001_Testing my bio site up and running -- TC001c_Check the Header and header links with invalid values (failed) (attempt 3).png\"\n    ]\n  ]\n}",
              "code": "Browser.navigateTo(url);\nmy.checkTheHeader(\"Manikandan\", \"Projects#%#%\", \"Tech\", \"Time line\");\n//Check the naivgation of the page with URL\nmy.checkTheHeaderNavigation(\"#proj\", \"#tech@$@\", \"#ABOUTUS\");",
              "err": {
                "message": "AssertionError: Timed out retrying after 10000ms: expected '<span.HeaderStyles__Span-sc-9w0vkp-1.eLNpfv>' to have text 'Manikandan', but the text was 'Manikandan Ravi'",
                "estack": "AssertionError: Timed out retrying after 10000ms: expected '<span.HeaderStyles__Span-sc-9w0vkp-1.eLNpfv>' to have text 'Manikandan', but the text was 'Manikandan Ravi'\n    at AssertionLibrary.AssertValueEqual (webpack:///./cypress/e2e/helloCypress/AssertionLibrary/AssertionLibrary.js:114:25)\n    at mybioPage.checkTheHeader (webpack:///./cypress/e2e/helloCypress/Page/mybioPage.js:50:11)\n    at Context.eval (webpack:///./cypress/e2e/helloCypress/test/mybioTest.cy.js:59:13)",
                "diff": "- 'Manikandan Ravi'\n+ 'Manikandan'\n"
              },
              "uuid": "d20e8bec-1a18-40e3-b3f1-c1c477b41b1a",
              "parentUUID": "e4094c36-3b26-4e2a-9bb7-2983f574dcbe",
              "isHook": false,
              "skipped": false
            },
            {
              "title": "TC004_API GET call",
              "fullTitle": "TC001_Testing my bio site up and running TC004_API GET call",
              "timedOut": null,
              "duration": 176,
              "state": "failed",
              "speed": null,
              "pass": false,
              "fail": true,
              "pending": false,
              "context": "{\n  \"title\": \"cypress-mochawesome-reporter-screenshots\",\n  \"value\": [\n    [\n      \"/mybioTest.cy.js/TC001_Testing my bio site up and running -- TC004_API GET call (failed).png\"\n    ],\n    [\n      \"/mybioTest.cy.js/TC001_Testing my bio site up and running -- TC004_API GET call (failed) (attempt 2).png\"\n    ],\n    [\n      \"/mybioTest.cy.js/TC001_Testing my bio site up and running -- TC004_API GET call (failed) (attempt 3).png\"\n    ]\n  ]\n}",
              "code": "cy.request({\n  method: 'GET',\n  url: 'https://manikandanravi.in/api/hello',\n  qs: {\n    //starred: 'true'\n  },\n  headers: {\n    accept: 'application/json'\n  }\n});",
              "err": {
                "message": "CypressError: `cy.request()` failed on:\n\nhttps://manikandanravi.in/api/hello\n\nThe response we received from your web server was:\n\n  > 503: Service Unavailable\n\nThis was considered a failure because the status code was not `2xx` or `3xx`.\n\nIf you do not want status codes to cause failures pass the option: `failOnStatusCode: false`\n\n-----------------------------------------------------------\n\nThe request we sent was:\n\nMethod: GET\nURL: https://manikandanravi.in/api/hello\nHeaders: {\n  \"Connection\": \"keep-alive\",\n  \"accept\": \"application/json\",\n  \"user-agent\": \"Mozilla/5.0 (X11; Linux x86_64) AppleWebKit/537.36 (KHTML, like Gecko) HeadlessChrome/120.0.0.0 Safari/537.36\",\n  \"accept-encoding\": \"gzip, deflate\"\n}\n\n-----------------------------------------------------------\n\nThe response we got was:\n\nStatus: 503 - Service Unavailable\nHeaders: {\n  \"server\": \"awselb/2.0\",\n  \"date\": \"Fri, 26 Jan 2024 03:33:25 GMT\",\n  \"content-type\": \"text/html\",\n  \"content-length\": \"564\",\n  \"connection\": \"keep-alive\"\n}\nBody: <html>\r\n<head><title>503 Service Temporarily Unavailable</title></head>\r\n<body>\r\n<center><h1>503 Service Temporarily Unavailable</h1></center>\r\n</body>\r\n</html>\r\n<!-- a padding to disable MSIE and Chrome friendly error page -->\r\n<!-- a padding to disable MSIE and Chrome friendly error page -->\r\n<!-- a padding to disable MSIE and Chrome friendly error page -->\r\n<!-- a padding to disable MSIE and Chrome friendly error page -->\r\n<!-- a padding to disable MSIE and Chrome friendly error page -->\r\n<!-- a padding to disable MSIE and Chrome friendly error page -->\r\n\nhttps://on.cypress.io/request",
                "estack": "CypressError: `cy.request()` failed on:\n\nhttps://manikandanravi.in/api/hello\n\nThe response we received from your web server was:\n\n  > 503: Service Unavailable\n\nThis was considered a failure because the status code was not `2xx` or `3xx`.\n\nIf you do not want status codes to cause failures pass the option: `failOnStatusCode: false`\n\n-----------------------------------------------------------\n\nThe request we sent was:\n\nMethod: GET\nURL: https://manikandanravi.in/api/hello\nHeaders: {\n  \"Connection\": \"keep-alive\",\n  \"accept\": \"application/json\",\n  \"user-agent\": \"Mozilla/5.0 (X11; Linux x86_64) AppleWebKit/537.36 (KHTML, like Gecko) HeadlessChrome/120.0.0.0 Safari/537.36\",\n  \"accept-encoding\": \"gzip, deflate\"\n}\n\n-----------------------------------------------------------\n\nThe response we got was:\n\nStatus: 503 - Service Unavailable\nHeaders: {\n  \"server\": \"awselb/2.0\",\n  \"date\": \"Fri, 26 Jan 2024 03:33:25 GMT\",\n  \"content-type\": \"text/html\",\n  \"content-length\": \"564\",\n  \"connection\": \"keep-alive\"\n}\nBody: <html>\r\n<head><title>503 Service Temporarily Unavailable</title></head>\r\n<body>\r\n<center><h1>503 Service Temporarily Unavailable</h1></center>\r\n</body>\r\n</html>\r\n<!-- a padding to disable MSIE and Chrome friendly error page -->\r\n<!-- a padding to disable MSIE and Chrome friendly error page -->\r\n<!-- a padding to disable MSIE and Chrome friendly error page -->\r\n<!-- a padding to disable MSIE and Chrome friendly error page -->\r\n<!-- a padding to disable MSIE and Chrome friendly error page -->\r\n<!-- a padding to disable MSIE and Chrome friendly error page -->\r\n\nhttps://on.cypress.io/request\n    at <unknown> (http://localhost:3002/__cypress/runner/cypress_runner.js:133030:72)\n    at tryCatcher (http://localhost:3002/__cypress/runner/cypress_runner.js:1807:23)\n    at Promise._settlePromiseFromHandler (http://localhost:3002/__cypress/runner/cypress_runner.js:1519:31)\n    at Promise._settlePromise (http://localhost:3002/__cypress/runner/cypress_runner.js:1576:18)\n    at Promise._settlePromise0 (http://localhost:3002/__cypress/runner/cypress_runner.js:1621:10)\n    at Promise._settlePromises (http://localhost:3002/__cypress/runner/cypress_runner.js:1701:18)\n    at _drainQueueStep (http://localhost:3002/__cypress/runner/cypress_runner.js:2407:12)\n    at _drainQueue (http://localhost:3002/__cypress/runner/cypress_runner.js:2400:9)\n    at Async._drainQueues (http://localhost:3002/__cypress/runner/cypress_runner.js:2416:5)\n    at Async.drainQueues (http://localhost:3002/__cypress/runner/cypress_runner.js:2286:14)\nFrom Your Spec Code:\n    at Context.eval (webpack:///./cypress/e2e/helloCypress/test/mybioTest.cy.js:69:15)",
                "diff": null
              },
              "uuid": "cc62e5fb-4261-437b-ae9d-a85d2efd9a31",
              "parentUUID": "e4094c36-3b26-4e2a-9bb7-2983f574dcbe",
              "isHook": false,
              "skipped": false
            }
          ],
          "suites": [],
          "passes": [
            "57d03d61-f2dd-47ff-985c-bd7bae3b21da"
          ],
          "failures": [
            "6463a216-62ce-4422-8a5a-8100038dedcd",
            "d20e8bec-1a18-40e3-b3f1-c1c477b41b1a",
            "cc62e5fb-4261-437b-ae9d-a85d2efd9a31"
          ],
          "pending": [],
          "skipped": [],
          "duration": 25160,
          "root": false,
          "rootEmpty": false,
          "_timeout": 2000
        },
        {
          "uuid": "e89dcb78-1d16-4f7a-b623-80b518edc3ef",
          "title": "TC002_Test to check Cypress built it API to get the title",
          "fullFile": "",
          "file": "",
          "beforeHooks": [],
          "afterHooks": [],
          "tests": [
            {
              "title": "The Cypress built it API to get the title",
              "fullTitle": "TC002_Test to check Cypress built it API to get the title The Cypress built it API to get the title",
              "timedOut": null,
              "duration": 17,
              "state": "passed",
              "speed": "fast",
              "pass": true,
              "fail": false,
              "pending": false,
              "context": null,
              "code": "expect(Cypress.currentTest.title).to.eq('The Cypress built it API to get the title');",
              "err": {},
              "uuid": "fe9ed0cf-fa7c-4fa8-af6d-922c46c285f8",
              "parentUUID": "e89dcb78-1d16-4f7a-b623-80b518edc3ef",
              "isHook": false,
              "skipped": false
            }
          ],
          "suites": [],
          "passes": [
            "fe9ed0cf-fa7c-4fa8-af6d-922c46c285f8"
          ],
          "failures": [],
          "pending": [],
          "skipped": [],
          "duration": 17,
          "root": false,
          "rootEmpty": false,
          "_timeout": 2000
        },
        {
          "uuid": "9fac51d3-2957-446d-9498-48e61f0e5890",
          "title": "TC003_Test to check Cypress built it API to get the title & its path",
          "fullFile": "",
          "file": "",
          "beforeHooks": [],
          "afterHooks": [],
          "tests": [
            {
              "title": "The Cypress built it API to get the title & its path",
              "fullTitle": "TC003_Test to check Cypress built it API to get the title & its path The Cypress built it API to get the title & its path",
              "timedOut": null,
              "duration": 16,
              "state": "passed",
              "speed": "fast",
              "pass": true,
              "fail": false,
              "pending": false,
              "context": null,
              "code": "//Chai - expect keyword from chai\nexpect(Cypress.currentTest.titlePath).to.deep.eq(['TC003_Test to check Cypress built it API to get the title & its path', 'The Cypress built it API to get the title & its path']);",
              "err": {},
              "uuid": "7d4688f4-a9cd-4e24-a27c-8a5350254547",
              "parentUUID": "9fac51d3-2957-446d-9498-48e61f0e5890",
              "isHook": false,
              "skipped": false
            }
          ],
          "suites": [],
          "passes": [
            "7d4688f4-a9cd-4e24-a27c-8a5350254547"
          ],
          "failures": [],
          "pending": [],
          "skipped": [],
          "duration": 16,
          "root": false,
          "rootEmpty": false,
          "_timeout": 2000
        }
      ],
      "passes": [],
      "failures": [],
      "pending": [],
      "skipped": [],
      "duration": 0,
      "root": true,
      "rootEmpty": true,
      "_timeout": 2000
    }
  ],
  "meta": {
    "mocha": {
      "version": "7.0.1"
    },
    "mochawesome": {
      "options": {
        "quiet": false,
        "reportFilename": "[status]_[datetime]-[name]-report",
        "saveHtml": true,
        "saveJson": true,
        "consoleReporter": "spec",
        "useInlineDiffs": false,
        "code": true
      },
      "version": "7.1.3"
    },
    "marge": {
      "options": {
        "reportTitle": "My Hello Cypress Test Report",
        "mochaFile": "cypress/results/cypress-output.[hash].xml",
        "reportFilename": "[status]_[datetime]-[name]-report",
        "timestamp": "longDate",
        "reportDir": "cypress/results",
        "overwrite": false,
        "html": true,
        "json": true,
        "charts": true,
        "code": true,
        "autoOpen": false,
        "showHooks": true,
        "reportPageTitle": "My Bio Site Test Suite",
        "embeddedScreenshots": true,
        "inlineAssets": true
      },
      "version": "6.2.0"
    }
  }
}